  EAThookNetLoaderEXE.c
C:\Users\leets\source\repos\EAThookNetLoaderEXE\EAThookNetLoaderEXE\EAThookNetLoaderEXE.h(1006,5): warning C4098: 'custom_getline': 'void' function returning a value
  (compiling source file 'EAThookNetLoaderEXE.c')
  
C:\Users\leets\source\repos\EAThookNetLoaderEXE\EAThookNetLoaderEXE\EAThookNetLoaderEXE.c(78,21): warning C4013: 'wrpNtProtectVirtualMemory' undefined; assuming extern returning int
C:\Users\leets\source\repos\EAThookNetLoaderEXE\EAThookNetLoaderEXE\EAThookNetLoaderEXE.c(83,21): warning C4013: 'wrpNtWriteVirtualMemory' undefined; assuming extern returning int
C:\Users\leets\source\repos\EAThookNetLoaderEXE\EAThookNetLoaderEXE\EAThookNetLoaderEXE.c(48,9): warning C4047: 'initializing': 'LPVOID' differs in levels of indirection from 'uintptr_t'
C:\Users\leets\source\repos\EAThookNetLoaderEXE\EAThookNetLoaderEXE\EAThookNetLoaderEXE.c(212,40): warning C4267: 'function': conversion from 'size_t' to 'DWORD', possible loss of data
C:\Users\leets\source\repos\EAThookNetLoaderEXE\EAThookNetLoaderEXE\EAThookNetLoaderEXE.c(224,72): warning C4133: 'function': incompatible types - from 'size_t *' to 'DWORD *'
C:\Users\leets\source\repos\EAThookNetLoaderEXE\EAThookNetLoaderEXE\EAThookNetLoaderEXE.c(375,7): warning C4013: 'CLRCreateInstance' undefined; assuming extern returning int
C:\Users\leets\source\repos\EAThookNetLoaderEXE\EAThookNetLoaderEXE\EAThookNetLoaderEXE.c(372,10): warning C4047: 'initializing': 'HRESULT' differs in levels of indirection from 'void *'
C:\Users\leets\source\repos\EAThookNetLoaderEXE\EAThookNetLoaderEXE\EAThookNetLoaderEXE.c(481,3): warning C4098: 'EAT_HOOK': 'void' function returning a value
C:\Users\leets\source\repos\EAThookNetLoaderEXE\EAThookNetLoaderEXE\EAThookNetLoaderEXE.c(503,5): warning C4098: 'EAT_HOOK': 'void' function returning a value
C:\Users\leets\source\repos\EAThookNetLoaderEXE\EAThookNetLoaderEXE\EAThookNetLoaderEXE.c(619,40): warning C4267: 'function': conversion from 'size_t' to 'int', possible loss of data
C:\Users\leets\source\repos\EAThookNetLoaderEXE\EAThookNetLoaderEXE\EAThookNetLoaderEXE.c(701,27): warning C4267: '=': conversion from 'size_t' to 'ULONG', possible loss of data
C:\Users\leets\source\repos\EAThookNetLoaderEXE\EAThookNetLoaderEXE\EAThookNetLoaderEXE.c(591,10): warning C4047: 'initializing': 'HRESULT' differs in levels of indirection from 'void *'
  Generating code
C:\Users\leets\source\repos\EAThookNetLoaderEXE\EAThookNetLoaderEXE\EAThookNetLoaderEXE.c(180): warning C4715: 'GetPEfromRemote': not all control paths return a value
  6 of 31 functions (19.4%) were compiled, the rest were copied from previous compilation.
    0 functions were new in current compilation
    5 functions had inline decision re-evaluated but remain unchanged
  Finished generating code
  EAThookNetLoaderEXE.vcxproj -> C:\Users\leets\source\repos\EAThookNetLoaderEXE\x64\Release\EAThookNetLoaderEXE.exe
